  os_cpu_c.c
D:\graduate\μC_OS-II\RTOS-uC-OSII\Micrium_Win32_Kernel\Micrium\Software\uCOS-II\Ports\Win32\Visual Studio\os_cpu_c.c(560,8): warning C4101: 'oldtask': 未參考的區域變數
D:\graduate\μC_OS-II\RTOS-uC-OSII\Micrium_Win32_Kernel\Micrium\Software\uCOS-II\Ports\Win32\Visual Studio\os_cpu_c.c(561,22): warning C4101: 'newjobcount': 未參考的區域變數
D:\graduate\μC_OS-II\RTOS-uC-OSII\Micrium_Win32_Kernel\Micrium\Software\uCOS-II\Ports\Win32\Visual Studio\os_cpu_c.c(561,9): warning C4101: 'oldjobcount': 未參考的區域變數
D:\graduate\μC_OS-II\RTOS-uC-OSII\Micrium_Win32_Kernel\Micrium\Software\uCOS-II\Ports\Win32\Visual Studio\os_cpu_c.c(560,17): warning C4101: 'newtask': 未參考的區域變數
  os_core.c
D:\graduate\μC_OS-II\RTOS-uC-OSII\Micrium_Win32_Kernel\Micrium\Software\uCOS-II\Source\os_core.c(744,21): warning C4013: 'exit' 未定義; 假設 extern 傳回整數
  os_dbg_r.c
  os_flag.c
  os_mbox.c
  os_mem.c
  os_mutex.c
  os_q.c
  os_sem.c
  os_task.c
  os_time.c
D:\graduate\μC_OS-II\RTOS-uC-OSII\Micrium_Win32_Kernel\Micrium\Software\uCOS-II\Source\os_time.c(57,16): warning C4101: 'y': 未參考的區域變數
  os_tmr.c
  app_hooks.c
D:\graduate\μC_OS-II\RTOS-uC-OSII\Micrium_Win32_Kernel\Microsoft\Windows\Kernel\OS2\app_hooks.c(125,27): warning C4013: 'atoi' 未定義; 假設 extern 傳回整數
  main.c
D:\graduate\μC_OS-II\RTOS-uC-OSII\Micrium_Win32_Kernel\Microsoft\Windows\Kernel\OS2\main.c(104,16): warning C4013: 'malloc' 未定義; 假設 extern 傳回整數
D:\graduate\μC_OS-II\RTOS-uC-OSII\Micrium_Win32_Kernel\Microsoft\Windows\Kernel\OS2\main.c(104,50): warning C4047: '=': 'OS_STK **' 與 'int' 間接取值的層級不同
D:\graduate\μC_OS-II\RTOS-uC-OSII\Micrium_Win32_Kernel\Microsoft\Windows\Kernel\OS2\main.c(108,59): warning C4047: '=': 'OS_STK *' 與 'int' 間接取值的層級不同
D:\graduate\μC_OS-II\RTOS-uC-OSII\Micrium_Win32_Kernel\Microsoft\Windows\Kernel\OS2\main.c(125,25): warning C4244: '函式': 將 'INT16U' 轉換為 'INT8U'，由於類型不同，可能導致資料遺失
  正在產生程式碼...
  OS2.vcxproj -> D:\graduate\μC_OS-II\RTOS-uC-OSII\Micrium_Win32_Kernel\Microsoft\Windows\Kernel\OS2\VS\Debug\OS2.exe
