d:\graduate\μc_os-ii\rtos-uc-osii\micrium_win32_kernel\microsoft\windows\kernel\os2\vs\debug\vc143.pdb
d:\graduate\μc_os-ii\rtos-uc-osii\micrium_win32_kernel\microsoft\windows\kernel\os2\vs\debug\vc143.idb
d:\graduate\μc_os-ii\rtos-uc-osii\micrium_win32_kernel\microsoft\windows\kernel\os2\vs\debug\app_hooks.obj
d:\graduate\μc_os-ii\rtos-uc-osii\micrium_win32_kernel\microsoft\windows\kernel\os2\vs\debug\bsp_cpu.obj
d:\graduate\μc_os-ii\rtos-uc-osii\micrium_win32_kernel\microsoft\windows\kernel\os2\vs\debug\os_tmr.obj
d:\graduate\μc_os-ii\rtos-uc-osii\micrium_win32_kernel\microsoft\windows\kernel\os2\vs\debug\os_time.obj
d:\graduate\μc_os-ii\rtos-uc-osii\micrium_win32_kernel\microsoft\windows\kernel\os2\vs\debug\os_task.obj
d:\graduate\μc_os-ii\rtos-uc-osii\micrium_win32_kernel\microsoft\windows\kernel\os2\vs\debug\os_sem.obj
d:\graduate\μc_os-ii\rtos-uc-osii\micrium_win32_kernel\microsoft\windows\kernel\os2\vs\debug\os_q.obj
d:\graduate\μc_os-ii\rtos-uc-osii\micrium_win32_kernel\microsoft\windows\kernel\os2\vs\debug\os_mutex.obj
d:\graduate\μc_os-ii\rtos-uc-osii\micrium_win32_kernel\microsoft\windows\kernel\os2\vs\debug\os_mem.obj
d:\graduate\μc_os-ii\rtos-uc-osii\micrium_win32_kernel\microsoft\windows\kernel\os2\vs\debug\os_mbox.obj
d:\graduate\μc_os-ii\rtos-uc-osii\micrium_win32_kernel\microsoft\windows\kernel\os2\vs\debug\os_flag.obj
d:\graduate\μc_os-ii\rtos-uc-osii\micrium_win32_kernel\microsoft\windows\kernel\os2\vs\debug\os_dbg_r.obj
d:\graduate\μc_os-ii\rtos-uc-osii\micrium_win32_kernel\microsoft\windows\kernel\os2\vs\debug\os_core.obj
d:\graduate\μc_os-ii\rtos-uc-osii\micrium_win32_kernel\microsoft\windows\kernel\os2\vs\debug\os_cpu_c.obj
d:\graduate\μc_os-ii\rtos-uc-osii\micrium_win32_kernel\microsoft\windows\kernel\os2\vs\debug\lib_str.obj
d:\graduate\μc_os-ii\rtos-uc-osii\micrium_win32_kernel\microsoft\windows\kernel\os2\vs\debug\lib_mem.obj
d:\graduate\μc_os-ii\rtos-uc-osii\micrium_win32_kernel\microsoft\windows\kernel\os2\vs\debug\lib_math.obj
d:\graduate\μc_os-ii\rtos-uc-osii\micrium_win32_kernel\microsoft\windows\kernel\os2\vs\debug\lib_ascii.obj
d:\graduate\μc_os-ii\rtos-uc-osii\micrium_win32_kernel\microsoft\windows\kernel\os2\vs\debug\cpu_c.obj
d:\graduate\μc_os-ii\rtos-uc-osii\micrium_win32_kernel\microsoft\windows\kernel\os2\vs\debug\cpu_core.obj
d:\graduate\μc_os-ii\rtos-uc-osii\micrium_win32_kernel\microsoft\windows\kernel\os2\vs\debug\main.obj
d:\graduate\μc_os-ii\rtos-uc-osii\micrium_win32_kernel\microsoft\windows\kernel\os2\vs\debug\os2.exe
d:\graduate\μc_os-ii\rtos-uc-osii\micrium_win32_kernel\microsoft\windows\kernel\os2\vs\debug\os2.tlog\cl.command.1.tlog
d:\graduate\μc_os-ii\rtos-uc-osii\micrium_win32_kernel\microsoft\windows\kernel\os2\vs\debug\os2.tlog\cl.read.1.tlog
d:\graduate\μc_os-ii\rtos-uc-osii\micrium_win32_kernel\microsoft\windows\kernel\os2\vs\debug\os2.tlog\cl.write.1.tlog
d:\graduate\μc_os-ii\rtos-uc-osii\micrium_win32_kernel\microsoft\windows\kernel\os2\vs\debug\os2.tlog\link.command.1.tlog
d:\graduate\μc_os-ii\rtos-uc-osii\micrium_win32_kernel\microsoft\windows\kernel\os2\vs\debug\os2.tlog\link.read.1.tlog
d:\graduate\μc_os-ii\rtos-uc-osii\micrium_win32_kernel\microsoft\windows\kernel\os2\vs\debug\os2.tlog\link.write.1.tlog
